1746444504: mosquitto version 2.0.21 starting
1746444504: Config loaded from /mosquitto/config/mosquitto.conf.
1746444504: Opening ipv4 listen socket on port 1883.
1746444504: Opening ipv6 listen socket on port 1883.
1746444504: mosquitto version 2.0.21 running
1746444598: New connection from 172.19.0.4:42726 on port 1883.
1746444598: New client connected from 172.19.0.4:42726 as DataConsumer_6f3b8508-d399-45dd-883b-6b75b9cf92a4 (p5, c1, k15).
1746444598: No will message specified.
1746444598: Sending CONNACK to DataConsumer_6f3b8508-d399-45dd-883b-6b75b9cf92a4 (0, 0)
1746444613: Received PINGREQ from DataConsumer_6f3b8508-d399-45dd-883b-6b75b9cf92a4
1746444613: Sending PINGRESP to DataConsumer_6f3b8508-d399-45dd-883b-6b75b9cf92a4
1746444628: Received PINGREQ from DataConsumer_6f3b8508-d399-45dd-883b-6b75b9cf92a4
1746444628: Sending PINGRESP to DataConsumer_6f3b8508-d399-45dd-883b-6b75b9cf92a4
1746444643: Received PINGREQ from DataConsumer_6f3b8508-d399-45dd-883b-6b75b9cf92a4
1746444643: Sending PINGRESP to DataConsumer_6f3b8508-d399-45dd-883b-6b75b9cf92a4
1746444658: Received PINGREQ from DataConsumer_6f3b8508-d399-45dd-883b-6b75b9cf92a4
1746444658: Sending PINGRESP to DataConsumer_6f3b8508-d399-45dd-883b-6b75b9cf92a4
1746444674: Received PINGREQ from DataConsumer_6f3b8508-d399-45dd-883b-6b75b9cf92a4
1746444674: Sending PINGRESP to DataConsumer_6f3b8508-d399-45dd-883b-6b75b9cf92a4
1746444689: Received PINGREQ from DataConsumer_6f3b8508-d399-45dd-883b-6b75b9cf92a4
1746444689: Sending PINGRESP to DataConsumer_6f3b8508-d399-45dd-883b-6b75b9cf92a4
1746444704: Received PINGREQ from DataConsumer_6f3b8508-d399-45dd-883b-6b75b9cf92a4
1746444704: Sending PINGRESP to DataConsumer_6f3b8508-d399-45dd-883b-6b75b9cf92a4
1746444719: Received PINGREQ from DataConsumer_6f3b8508-d399-45dd-883b-6b75b9cf92a4
1746444719: Sending PINGRESP to DataConsumer_6f3b8508-d399-45dd-883b-6b75b9cf92a4
1746444734: Received PINGREQ from DataConsumer_6f3b8508-d399-45dd-883b-6b75b9cf92a4
1746444734: Sending PINGRESP to DataConsumer_6f3b8508-d399-45dd-883b-6b75b9cf92a4
1746444750: Received PINGREQ from DataConsumer_6f3b8508-d399-45dd-883b-6b75b9cf92a4
1746444750: Sending PINGRESP to DataConsumer_6f3b8508-d399-45dd-883b-6b75b9cf92a4
1746444765: Received PINGREQ from DataConsumer_6f3b8508-d399-45dd-883b-6b75b9cf92a4
1746444765: Sending PINGRESP to DataConsumer_6f3b8508-d399-45dd-883b-6b75b9cf92a4
1746444780: Received PINGREQ from DataConsumer_6f3b8508-d399-45dd-883b-6b75b9cf92a4
1746444780: Sending PINGRESP to DataConsumer_6f3b8508-d399-45dd-883b-6b75b9cf92a4
1746444795: Received PINGREQ from DataConsumer_6f3b8508-d399-45dd-883b-6b75b9cf92a4
1746444795: Sending PINGRESP to DataConsumer_6f3b8508-d399-45dd-883b-6b75b9cf92a4
1746444810: Received PINGREQ from DataConsumer_6f3b8508-d399-45dd-883b-6b75b9cf92a4
1746444810: Sending PINGRESP to DataConsumer_6f3b8508-d399-45dd-883b-6b75b9cf92a4
1746444826: Received PINGREQ from DataConsumer_6f3b8508-d399-45dd-883b-6b75b9cf92a4
1746444826: Sending PINGRESP to DataConsumer_6f3b8508-d399-45dd-883b-6b75b9cf92a4
1746444841: Received PINGREQ from DataConsumer_6f3b8508-d399-45dd-883b-6b75b9cf92a4
1746444841: Sending PINGRESP to DataConsumer_6f3b8508-d399-45dd-883b-6b75b9cf92a4
1746444856: Received PINGREQ from DataConsumer_6f3b8508-d399-45dd-883b-6b75b9cf92a4
1746444856: Sending PINGRESP to DataConsumer_6f3b8508-d399-45dd-883b-6b75b9cf92a4
1746444871: Received PINGREQ from DataConsumer_6f3b8508-d399-45dd-883b-6b75b9cf92a4
1746444871: Sending PINGRESP to DataConsumer_6f3b8508-d399-45dd-883b-6b75b9cf92a4
1746444887: Received PINGREQ from DataConsumer_6f3b8508-d399-45dd-883b-6b75b9cf92a4
1746444887: Sending PINGRESP to DataConsumer_6f3b8508-d399-45dd-883b-6b75b9cf92a4
1746444902: Received PINGREQ from DataConsumer_6f3b8508-d399-45dd-883b-6b75b9cf92a4
1746444902: Sending PINGRESP to DataConsumer_6f3b8508-d399-45dd-883b-6b75b9cf92a4
1746444917: Received PINGREQ from DataConsumer_6f3b8508-d399-45dd-883b-6b75b9cf92a4
1746444917: Sending PINGRESP to DataConsumer_6f3b8508-d399-45dd-883b-6b75b9cf92a4
1746444932: Received PINGREQ from DataConsumer_6f3b8508-d399-45dd-883b-6b75b9cf92a4
1746444932: Sending PINGRESP to DataConsumer_6f3b8508-d399-45dd-883b-6b75b9cf92a4
1746444947: Received PINGREQ from DataConsumer_6f3b8508-d399-45dd-883b-6b75b9cf92a4
1746444947: Sending PINGRESP to DataConsumer_6f3b8508-d399-45dd-883b-6b75b9cf92a4
1746444962: Received PINGREQ from DataConsumer_6f3b8508-d399-45dd-883b-6b75b9cf92a4
1746444962: Sending PINGRESP to DataConsumer_6f3b8508-d399-45dd-883b-6b75b9cf92a4
1746444974: Client DataConsumer_6f3b8508-d399-45dd-883b-6b75b9cf92a4 closed its connection.
1746444974: New connection from 172.19.0.3:33980 on port 1883.
1746444974: New client connected from 172.19.0.3:33980 as DataConsumer_ff288a44-a787-423b-b380-1000cebdd8cf (p5, c1, k15).
1746444974: No will message specified.
1746444974: Sending CONNACK to DataConsumer_ff288a44-a787-423b-b380-1000cebdd8cf (0, 0)
1746444990: Received PINGREQ from DataConsumer_ff288a44-a787-423b-b380-1000cebdd8cf
1746444990: Sending PINGRESP to DataConsumer_ff288a44-a787-423b-b380-1000cebdd8cf
1746445005: Received PINGREQ from DataConsumer_ff288a44-a787-423b-b380-1000cebdd8cf
1746445005: Sending PINGRESP to DataConsumer_ff288a44-a787-423b-b380-1000cebdd8cf
1746445020: Received PINGREQ from DataConsumer_ff288a44-a787-423b-b380-1000cebdd8cf
1746445020: Sending PINGRESP to DataConsumer_ff288a44-a787-423b-b380-1000cebdd8cf
1746445035: Received PINGREQ from DataConsumer_ff288a44-a787-423b-b380-1000cebdd8cf
1746445035: Sending PINGRESP to DataConsumer_ff288a44-a787-423b-b380-1000cebdd8cf
1746445050: Received PINGREQ from DataConsumer_ff288a44-a787-423b-b380-1000cebdd8cf
1746445050: Sending PINGRESP to DataConsumer_ff288a44-a787-423b-b380-1000cebdd8cf
1746445066: Received PINGREQ from DataConsumer_ff288a44-a787-423b-b380-1000cebdd8cf
1746445066: Sending PINGRESP to DataConsumer_ff288a44-a787-423b-b380-1000cebdd8cf
1746445081: Received PINGREQ from DataConsumer_ff288a44-a787-423b-b380-1000cebdd8cf
1746445081: Sending PINGRESP to DataConsumer_ff288a44-a787-423b-b380-1000cebdd8cf
1746445096: Received PINGREQ from DataConsumer_ff288a44-a787-423b-b380-1000cebdd8cf
1746445096: Sending PINGRESP to DataConsumer_ff288a44-a787-423b-b380-1000cebdd8cf
1746445109: Client DataConsumer_ff288a44-a787-423b-b380-1000cebdd8cf closed its connection.
1746445109: New connection from 172.19.0.3:59400 on port 1883.
1746445109: New client connected from 172.19.0.3:59400 as DataConsumer_936a4ae3-e6b1-45fb-9905-f9e626c3261a (p5, c1, k15).
1746445109: No will message specified.
1746445109: Sending CONNACK to DataConsumer_936a4ae3-e6b1-45fb-9905-f9e626c3261a (0, 0)
1746445113: Client DataConsumer_936a4ae3-e6b1-45fb-9905-f9e626c3261a closed its connection.
1746445131: New connection from 172.19.0.3:54470 on port 1883.
1746445131: New client connected from 172.19.0.3:54470 as DataConsumer_cda3c7ed-4e2f-4de0-bbe5-d903e364c809 (p5, c1, k15).
1746445131: No will message specified.
1746445131: Sending CONNACK to DataConsumer_cda3c7ed-4e2f-4de0-bbe5-d903e364c809 (0, 0)
1746445146: Received PINGREQ from DataConsumer_cda3c7ed-4e2f-4de0-bbe5-d903e364c809
1746445146: Sending PINGRESP to DataConsumer_cda3c7ed-4e2f-4de0-bbe5-d903e364c809
1746445161: Received PINGREQ from DataConsumer_cda3c7ed-4e2f-4de0-bbe5-d903e364c809
1746445161: Sending PINGRESP to DataConsumer_cda3c7ed-4e2f-4de0-bbe5-d903e364c809
1746445176: Received PINGREQ from DataConsumer_cda3c7ed-4e2f-4de0-bbe5-d903e364c809
1746445176: Sending PINGRESP to DataConsumer_cda3c7ed-4e2f-4de0-bbe5-d903e364c809
1746445192: Received PINGREQ from DataConsumer_cda3c7ed-4e2f-4de0-bbe5-d903e364c809
1746445192: Sending PINGRESP to DataConsumer_cda3c7ed-4e2f-4de0-bbe5-d903e364c809
1746445207: Received PINGREQ from DataConsumer_cda3c7ed-4e2f-4de0-bbe5-d903e364c809
1746445207: Sending PINGRESP to DataConsumer_cda3c7ed-4e2f-4de0-bbe5-d903e364c809
1746445222: Received PINGREQ from DataConsumer_cda3c7ed-4e2f-4de0-bbe5-d903e364c809
1746445222: Sending PINGRESP to DataConsumer_cda3c7ed-4e2f-4de0-bbe5-d903e364c809
1746445237: Received PINGREQ from DataConsumer_cda3c7ed-4e2f-4de0-bbe5-d903e364c809
1746445237: Sending PINGRESP to DataConsumer_cda3c7ed-4e2f-4de0-bbe5-d903e364c809
1746445252: Received PINGREQ from DataConsumer_cda3c7ed-4e2f-4de0-bbe5-d903e364c809
1746445252: Sending PINGRESP to DataConsumer_cda3c7ed-4e2f-4de0-bbe5-d903e364c809
1746445267: Received PINGREQ from DataConsumer_cda3c7ed-4e2f-4de0-bbe5-d903e364c809
1746445267: Sending PINGRESP to DataConsumer_cda3c7ed-4e2f-4de0-bbe5-d903e364c809
1746445283: Received PINGREQ from DataConsumer_cda3c7ed-4e2f-4de0-bbe5-d903e364c809
1746445283: Sending PINGRESP to DataConsumer_cda3c7ed-4e2f-4de0-bbe5-d903e364c809
1746445298: Received PINGREQ from DataConsumer_cda3c7ed-4e2f-4de0-bbe5-d903e364c809
1746445298: Sending PINGRESP to DataConsumer_cda3c7ed-4e2f-4de0-bbe5-d903e364c809
1746445313: Received PINGREQ from DataConsumer_cda3c7ed-4e2f-4de0-bbe5-d903e364c809
1746445313: Sending PINGRESP to DataConsumer_cda3c7ed-4e2f-4de0-bbe5-d903e364c809
1746445328: Received PINGREQ from DataConsumer_cda3c7ed-4e2f-4de0-bbe5-d903e364c809
1746445328: Sending PINGRESP to DataConsumer_cda3c7ed-4e2f-4de0-bbe5-d903e364c809
1746445337: Client DataConsumer_cda3c7ed-4e2f-4de0-bbe5-d903e364c809 closed its connection.
1746445338: New connection from 172.19.0.3:56738 on port 1883.
1746445338: New client connected from 172.19.0.3:56738 as DataConsumer_830e208b-98e3-4758-a28b-e3e2a44cbd24 (p5, c1, k15).
1746445338: No will message specified.
1746445338: Sending CONNACK to DataConsumer_830e208b-98e3-4758-a28b-e3e2a44cbd24 (0, 0)
1746445353: Received PINGREQ from DataConsumer_830e208b-98e3-4758-a28b-e3e2a44cbd24
1746445353: Sending PINGRESP to DataConsumer_830e208b-98e3-4758-a28b-e3e2a44cbd24
1746445368: Received PINGREQ from DataConsumer_830e208b-98e3-4758-a28b-e3e2a44cbd24
1746445368: Sending PINGRESP to DataConsumer_830e208b-98e3-4758-a28b-e3e2a44cbd24
1746445384: Received PINGREQ from DataConsumer_830e208b-98e3-4758-a28b-e3e2a44cbd24
1746445384: Sending PINGRESP to DataConsumer_830e208b-98e3-4758-a28b-e3e2a44cbd24
1746445399: Received PINGREQ from DataConsumer_830e208b-98e3-4758-a28b-e3e2a44cbd24
1746445399: Sending PINGRESP to DataConsumer_830e208b-98e3-4758-a28b-e3e2a44cbd24
1746445414: Received PINGREQ from DataConsumer_830e208b-98e3-4758-a28b-e3e2a44cbd24
1746445414: Sending PINGRESP to DataConsumer_830e208b-98e3-4758-a28b-e3e2a44cbd24
1746445429: Received PINGREQ from DataConsumer_830e208b-98e3-4758-a28b-e3e2a44cbd24
1746445429: Sending PINGRESP to DataConsumer_830e208b-98e3-4758-a28b-e3e2a44cbd24
1746445444: Received PINGREQ from DataConsumer_830e208b-98e3-4758-a28b-e3e2a44cbd24
1746445444: Sending PINGRESP to DataConsumer_830e208b-98e3-4758-a28b-e3e2a44cbd24
1746445460: Received PINGREQ from DataConsumer_830e208b-98e3-4758-a28b-e3e2a44cbd24
1746445460: Sending PINGRESP to DataConsumer_830e208b-98e3-4758-a28b-e3e2a44cbd24
1746445475: Received PINGREQ from DataConsumer_830e208b-98e3-4758-a28b-e3e2a44cbd24
1746445475: Sending PINGRESP to DataConsumer_830e208b-98e3-4758-a28b-e3e2a44cbd24
1746445490: Received PINGREQ from DataConsumer_830e208b-98e3-4758-a28b-e3e2a44cbd24
1746445490: Sending PINGRESP to DataConsumer_830e208b-98e3-4758-a28b-e3e2a44cbd24
1746445505: Received PINGREQ from DataConsumer_830e208b-98e3-4758-a28b-e3e2a44cbd24
1746445505: Sending PINGRESP to DataConsumer_830e208b-98e3-4758-a28b-e3e2a44cbd24
1746445520: Received PINGREQ from DataConsumer_830e208b-98e3-4758-a28b-e3e2a44cbd24
1746445520: Sending PINGRESP to DataConsumer_830e208b-98e3-4758-a28b-e3e2a44cbd24
1746445535: Received PINGREQ from DataConsumer_830e208b-98e3-4758-a28b-e3e2a44cbd24
1746445535: Sending PINGRESP to DataConsumer_830e208b-98e3-4758-a28b-e3e2a44cbd24
1746445551: Received PINGREQ from DataConsumer_830e208b-98e3-4758-a28b-e3e2a44cbd24
1746445551: Sending PINGRESP to DataConsumer_830e208b-98e3-4758-a28b-e3e2a44cbd24
1746445566: Received PINGREQ from DataConsumer_830e208b-98e3-4758-a28b-e3e2a44cbd24
1746445566: Sending PINGRESP to DataConsumer_830e208b-98e3-4758-a28b-e3e2a44cbd24
1746445581: Received PINGREQ from DataConsumer_830e208b-98e3-4758-a28b-e3e2a44cbd24
1746445581: Sending PINGRESP to DataConsumer_830e208b-98e3-4758-a28b-e3e2a44cbd24
1746445584: Client DataConsumer_830e208b-98e3-4758-a28b-e3e2a44cbd24 closed its connection.
1746445585: New connection from 172.19.0.3:59334 on port 1883.
1746445585: New client connected from 172.19.0.3:59334 as DataConsumer_15729c58-918e-4a4d-b740-10fe447a72ca (p5, c1, k15).
1746445585: No will message specified.
1746445585: Sending CONNACK to DataConsumer_15729c58-918e-4a4d-b740-10fe447a72ca (0, 0)
1746445600: Received PINGREQ from DataConsumer_15729c58-918e-4a4d-b740-10fe447a72ca
1746445600: Sending PINGRESP to DataConsumer_15729c58-918e-4a4d-b740-10fe447a72ca
1746445615: Received PINGREQ from DataConsumer_15729c58-918e-4a4d-b740-10fe447a72ca
1746445615: Sending PINGRESP to DataConsumer_15729c58-918e-4a4d-b740-10fe447a72ca
1746445630: Received PINGREQ from DataConsumer_15729c58-918e-4a4d-b740-10fe447a72ca
1746445630: Sending PINGRESP to DataConsumer_15729c58-918e-4a4d-b740-10fe447a72ca
1746445646: Received PINGREQ from DataConsumer_15729c58-918e-4a4d-b740-10fe447a72ca
1746445646: Sending PINGRESP to DataConsumer_15729c58-918e-4a4d-b740-10fe447a72ca
1746445661: Received PINGREQ from DataConsumer_15729c58-918e-4a4d-b740-10fe447a72ca
1746445661: Sending PINGRESP to DataConsumer_15729c58-918e-4a4d-b740-10fe447a72ca
1746445676: Received PINGREQ from DataConsumer_15729c58-918e-4a4d-b740-10fe447a72ca
1746445676: Sending PINGRESP to DataConsumer_15729c58-918e-4a4d-b740-10fe447a72ca
1746445691: Received PINGREQ from DataConsumer_15729c58-918e-4a4d-b740-10fe447a72ca
1746445691: Sending PINGRESP to DataConsumer_15729c58-918e-4a4d-b740-10fe447a72ca
1746445706: Received PINGREQ from DataConsumer_15729c58-918e-4a4d-b740-10fe447a72ca
1746445706: Sending PINGRESP to DataConsumer_15729c58-918e-4a4d-b740-10fe447a72ca
1746445721: Received PINGREQ from DataConsumer_15729c58-918e-4a4d-b740-10fe447a72ca
1746445721: Sending PINGRESP to DataConsumer_15729c58-918e-4a4d-b740-10fe447a72ca
1746445737: Received PINGREQ from DataConsumer_15729c58-918e-4a4d-b740-10fe447a72ca
1746445737: Sending PINGRESP to DataConsumer_15729c58-918e-4a4d-b740-10fe447a72ca
1746445752: Received PINGREQ from DataConsumer_15729c58-918e-4a4d-b740-10fe447a72ca
1746445752: Sending PINGRESP to DataConsumer_15729c58-918e-4a4d-b740-10fe447a72ca
1746445767: Received PINGREQ from DataConsumer_15729c58-918e-4a4d-b740-10fe447a72ca
1746445767: Sending PINGRESP to DataConsumer_15729c58-918e-4a4d-b740-10fe447a72ca
1746445782: Received PINGREQ from DataConsumer_15729c58-918e-4a4d-b740-10fe447a72ca
1746445782: Sending PINGRESP to DataConsumer_15729c58-918e-4a4d-b740-10fe447a72ca
1746445797: Received PINGREQ from DataConsumer_15729c58-918e-4a4d-b740-10fe447a72ca
1746445797: Sending PINGRESP to DataConsumer_15729c58-918e-4a4d-b740-10fe447a72ca
1746445813: Received PINGREQ from DataConsumer_15729c58-918e-4a4d-b740-10fe447a72ca
1746445813: Sending PINGRESP to DataConsumer_15729c58-918e-4a4d-b740-10fe447a72ca
1746445828: Received PINGREQ from DataConsumer_15729c58-918e-4a4d-b740-10fe447a72ca
1746445828: Sending PINGRESP to DataConsumer_15729c58-918e-4a4d-b740-10fe447a72ca
1746445843: Received PINGREQ from DataConsumer_15729c58-918e-4a4d-b740-10fe447a72ca
1746445843: Sending PINGRESP to DataConsumer_15729c58-918e-4a4d-b740-10fe447a72ca
1746445858: Received PINGREQ from DataConsumer_15729c58-918e-4a4d-b740-10fe447a72ca
1746445858: Sending PINGRESP to DataConsumer_15729c58-918e-4a4d-b740-10fe447a72ca
1746445874: Received PINGREQ from DataConsumer_15729c58-918e-4a4d-b740-10fe447a72ca
1746445874: Sending PINGRESP to DataConsumer_15729c58-918e-4a4d-b740-10fe447a72ca
1746445889: Received PINGREQ from DataConsumer_15729c58-918e-4a4d-b740-10fe447a72ca
1746445889: Sending PINGRESP to DataConsumer_15729c58-918e-4a4d-b740-10fe447a72ca
1746445904: Received PINGREQ from DataConsumer_15729c58-918e-4a4d-b740-10fe447a72ca
1746445904: Sending PINGRESP to DataConsumer_15729c58-918e-4a4d-b740-10fe447a72ca
1746445919: Received PINGREQ from DataConsumer_15729c58-918e-4a4d-b740-10fe447a72ca
1746445919: Sending PINGRESP to DataConsumer_15729c58-918e-4a4d-b740-10fe447a72ca
1746445934: Received PINGREQ from DataConsumer_15729c58-918e-4a4d-b740-10fe447a72ca
1746445934: Sending PINGRESP to DataConsumer_15729c58-918e-4a4d-b740-10fe447a72ca
1746445950: Received PINGREQ from DataConsumer_15729c58-918e-4a4d-b740-10fe447a72ca
1746445950: Sending PINGRESP to DataConsumer_15729c58-918e-4a4d-b740-10fe447a72ca
